#
# There is insufficient memory for the Java Runtime Environment to continue.
# Native memory allocation (malloc) failed to allocate 1345936 bytes for Chunk::new
# Possible reasons:
#   The system is out of physical RAM or swap space
#   The process is running with CompressedOops enabled, and the Java Heap may be blocking the growth of the native heap
# Possible solutions:
#   Reduce memory load on the system
#   Increase physical memory or swap space
#   Check if swap backing store is full
#   Decrease Java heap size (-Xmx/-Xms)
#   Decrease number of Java threads
#   Decrease Java thread stack sizes (-Xss)
#   Set larger code cache with -XX:ReservedCodeCacheSize=
#   JVM is running with Unscaled Compressed Oops mode in which the Java heap is
#     placed in the first 4GB address space. The Java Heap base address is the
#     maximum limit for the native heap growth. Please use -XX:HeapBaseMinAddress
#     to set the Java Heap base and to place the Java Heap above 4GB virtual address.
# This output file may be truncated or incomplete.
#
#  Out of Memory Error (allocation.cpp:389), pid=7260, tid=0x0000000000002d88
#
# JRE version: OpenJDK Runtime Environment (8.0_242-b01) (build 1.8.0_242-release-1644-b01)
# Java VM: OpenJDK 64-Bit Server VM (25.242-b01 mixed mode windows-amd64 compressed oops)
# Failed to write core dump. Minidumps are not enabled by default on client versions of Windows
#

---------------  T H R E A D  ---------------

Current thread (0x0000000017265800):  JavaThread "C2 CompilerThread1" daemon [_thread_in_native, id=11656, stack(0x00000000189f0000,0x0000000018af0000)]

Stack: [0x00000000189f0000,0x0000000018af0000]
[error occurred during error reporting (printing stack bounds), id 0xc0000005]

Native frames: (J=compiled Java code, j=interpreted, Vv=VM code, C=native code)


Current CompileTask:
C2:  17768 2417   !   4       com.android.dx.cf.code.Ropper::processBlock (1101 bytes)


---------------  P R O C E S S  ---------------

Java Threads: ( => current thread )
  0x000000001945d800 JavaThread "pool-2-thread-4" [_thread_in_Java, id=15100, stack(0x000000001adc0000,0x000000001aec0000)]
  0x0000000018f57800 JavaThread "pool-2-thread-3" [_thread_in_Java, id=10008, stack(0x000000001acc0000,0x000000001adc0000)]
  0x0000000019548800 JavaThread "pool-2-thread-2" [_thread_in_Java, id=10444, stack(0x000000001abc0000,0x000000001acc0000)]
  0x00000000197e8800 JavaThread "pool-3-thread-1" [_thread_blocked, id=10504, stack(0x000000001aac0000,0x000000001abc0000)]
  0x0000000018faa800 JavaThread "pool-2-thread-1" [_thread_in_Java, id=13608, stack(0x000000001a9c0000,0x000000001aac0000)]
  0x00000000172ae800 JavaThread "Service Thread" daemon [_thread_blocked, id=4364, stack(0x0000000018ff0000,0x00000000190f0000)]
  0x0000000017269000 JavaThread "C1 CompilerThread2" daemon [_thread_blocked, id=1252, stack(0x0000000018af0000,0x0000000018bf0000)]
=>0x0000000017265800 JavaThread "C2 CompilerThread1" daemon [_thread_in_native, id=11656, stack(0x00000000189f0000,0x0000000018af0000)]
  0x0000000017256800 JavaThread "C2 CompilerThread0" daemon [_thread_in_native, id=9472, stack(0x00000000188f0000,0x00000000189f0000)]
  0x0000000017254800 JavaThread "Attach Listener" daemon [_thread_blocked, id=9784, stack(0x00000000187f0000,0x00000000188f0000)]
  0x0000000017253800 JavaThread "Signal Dispatcher" daemon [_thread_blocked, id=14884, stack(0x00000000186f0000,0x00000000187f0000)]
  0x000000000262c800 JavaThread "Finalizer" daemon [_thread_blocked, id=2344, stack(0x00000000184d0000,0x00000000185d0000)]
  0x0000000017238800 JavaThread "Reference Handler" daemon [_thread_blocked, id=7820, stack(0x00000000183d0000,0x00000000184d0000)]
  0x000000000252e000 JavaThread "main" [_thread_in_native, id=4816, stack(0x0000000002360000,0x0000000002460000)]

Other Threads:
  0x0000000017217000 VMThread [stack: 0x00000000182d0000,0x00000000183d0000] [id=17104]
  0x0000000018c15000 WatcherThread [stack: 0x00000000190f0000,0x00000000191f0000] [id=15472]

VM state:not at safepoint (normal execution)

VM Mutex/Monitor currently owned by a thread: None

heap address: 0x0000000080000000, size: 2048 MB, Compressed Oops mode: 32-bit
Narrow klass base: 0x0000000000000000, Narrow klass shift: 3
Compressed class space size: 1073741824 Address: 0x0000000100000000

Heap:
 PSYoungGen      total 510976K, used 181039K [0x00000000d5580000, 0x00000000fe900000, 0x0000000100000000)
  eden space 430592K, 25% used [0x00000000d5580000,0x00000000dbefe7c0,0x00000000efa00000)
  from space 80384K, 90% used [0x00000000f6300000,0x00000000faa4d5b8,0x00000000fb180000)
  to   space 107520K, 0% used [0x00000000efa00000,0x00000000efa00000,0x00000000f6300000)
 ParOldGen       total 160256K, used 160196K [0x0000000080000000, 0x0000000089c80000, 0x00000000d5580000)
  object space 160256K, 99% used [0x0000000080000000,0x0000000089c71340,0x0000000089c80000)
 Metaspace       used 6756K, capacity 7320K, committed 7680K, reserved 1056768K
  class space    used 610K, capacity 656K, committed 768K, reserved 1048576K

Card table byte_map: [0x00000000119f0000,0x0000000011e00000] byte_map_base: 0x00000000115f0000

Marking Bits: (ParMarkBitMap*) 0x000000006618f030
 Begin Bits: [0x00000000124b0000, 0x00000000144b0000)
 End Bits:   [0x00000000144b0000, 0x00000000164b0000)

Polling page: 0x0000000000660000

CodeCache: size=245760Kb used=10885Kb max_used=11786Kb free=234874Kb
 bounds [0x0000000002630000, 0x0000000003210000, 0x0000000011630000]
 total_blobs=2313 nmethods=2033 adapters=193
 compilation: enabled

Compilation events (10 events):
Event: 17.708 Thread 0x0000000017269000 2442 %     3       com.android.dx.ssa.ConstCollector::getConstsSortedByCountUse @ 27 (337 bytes)
Event: 17.712 Thread 0x0000000017269000 nmethod 2442% 0x0000000002913f10 code [0x0000000002914440, 0x0000000002917df8]
Event: 17.723 Thread 0x0000000017269000 2443       2       java.util.HashMap::entrySet (27 bytes)
Event: 17.723 Thread 0x0000000017269000 nmethod 2443 0x0000000002806250 code [0x00000000028063a0, 0x0000000002806590]
Event: 17.727 Thread 0x0000000017269000 2444       3       com.android.dx.ssa.ConstCollector::getConstsSortedByCountUse (337 bytes)
Event: 17.732 Thread 0x0000000017269000 nmethod 2444 0x00000000029ae890 code [0x00000000029aee00, 0x00000000029b2bf8]
Event: 17.733 Thread 0x0000000017269000 2445       2       java.util.Collections::sort (8 bytes)
Event: 17.733 Thread 0x0000000017269000 nmethod 2445 0x0000000002a1ae10 code [0x0000000002a1af80, 0x0000000002a1b0e8]
Event: 17.733 Thread 0x0000000017269000 2446       2       com.android.dx.ssa.ConstCollector$1::<init> (15 bytes)
Event: 17.733 Thread 0x0000000017269000 nmethod 2446 0x0000000002806990 code [0x0000000002806ae0, 0x0000000002806c50]

GC Heap History (10 events):
Event: 7.911 GC heap before
{Heap before GC invocations=10 (full 0):
 PSYoungGen      total 285184K, used 285161K [0x00000000d5580000, 0x00000000f4280000, 0x0000000100000000)
  eden space 244224K, 100% used [0x00000000d5580000,0x00000000e4400000,0x00000000e4400000)
  from space 40960K, 99% used [0x00000000e4400000,0x00000000e6bfa6c8,0x00000000e6c00000)
  to   space 56832K, 0% used [0x00000000f0b00000,0x00000000f0b00000,0x00000000f4280000)
 ParOldGen       total 86016K, used 54985K [0x0000000080000000, 0x0000000085400000, 0x00000000d5580000)
  object space 86016K, 63% used [0x0000000080000000,0x00000000835b24b0,0x0000000085400000)
 Metaspace       used 6721K, capacity 7320K, committed 7680K, reserved 1056768K
  class space    used 610K, capacity 656K, committed 768K, reserved 1048576K
Event: 8.076 GC heap after
Heap after GC invocations=10 (full 0):
 PSYoungGen      total 431104K, used 56818K [0x00000000d5580000, 0x00000000f6380000, 0x0000000100000000)
  eden space 374272K, 0% used [0x00000000d5580000,0x00000000d5580000,0x00000000ec300000)
  from space 56832K, 99% used [0x00000000f0b00000,0x00000000f427cb40,0x00000000f4280000)
  to   space 73728K, 0% used [0x00000000ec300000,0x00000000ec300000,0x00000000f0b00000)
 ParOldGen       total 86016K, used 74087K [0x0000000080000000, 0x0000000085400000, 0x00000000d5580000)
  object space 86016K, 86% used [0x0000000080000000,0x0000000084859de0,0x0000000085400000)
 Metaspace       used 6721K, capacity 7320K, committed 7680K, reserved 1056768K
  class space    used 610K, capacity 656K, committed 768K, reserved 1048576K
}
Event: 8.076 GC heap before
{Heap before GC invocations=11 (full 1):
 PSYoungGen      total 431104K, used 56818K [0x00000000d5580000, 0x00000000f6380000, 0x0000000100000000)
  eden space 374272K, 0% used [0x00000000d5580000,0x00000000d5580000,0x00000000ec300000)
  from space 56832K, 99% used [0x00000000f0b00000,0x00000000f427cb40,0x00000000f4280000)
  to   space 73728K, 0% used [0x00000000ec300000,0x00000000ec300000,0x00000000f0b00000)
 ParOldGen       total 86016K, used 74087K [0x0000000080000000, 0x0000000085400000, 0x00000000d5580000)
  object space 86016K, 86% used [0x0000000080000000,0x0000000084859de0,0x0000000085400000)
 Metaspace       used 6721K, capacity 7320K, committed 7680K, reserved 1056768K
  class space    used 610K, capacity 656K, committed 768K, reserved 1048576K
Event: 9.293 GC heap after
Heap after GC invocations=11 (full 1):
 PSYoungGen      total 431104K, used 34187K [0x00000000d5580000, 0x00000000f6380000, 0x0000000100000000)
  eden space 374272K, 0% used [0x00000000d5580000,0x00000000d5580000,0x00000000ec300000)
  from space 56832K, 60% used [0x00000000f0b00000,0x00000000f2c62e30,0x00000000f4280000)
  to   space 73728K, 0% used [0x00000000ec300000,0x00000000ec300000,0x00000000f0b00000)
 ParOldGen       total 160256K, used 85792K [0x0000000080000000, 0x0000000089c80000, 0x00000000d5580000)
  object space 160256K, 53% used [0x0000000080000000,0x00000000853c8150,0x0000000089c80000)
 Metaspace       used 6721K, capacity 7320K, committed 7680K, reserved 1056768K
  class space    used 610K, capacity 656K, committed 768K, reserved 1048576K
}
Event: 11.590 GC heap before
{Heap before GC invocations=12 (full 1):
 PSYoungGen      total 431104K, used 408459K [0x00000000d5580000, 0x00000000f6380000, 0x0000000100000000)
  eden space 374272K, 100% used [0x00000000d5580000,0x00000000ec300000,0x00000000ec300000)
  from space 56832K, 60% used [0x00000000f0b00000,0x00000000f2c62e30,0x00000000f4280000)
  to   space 73728K, 0% used [0x00000000ec300000,0x00000000ec300000,0x00000000f0b00000)
 ParOldGen       total 160256K, used 85792K [0x0000000080000000, 0x0000000089c80000, 0x00000000d5580000)
  object space 160256K, 53% used [0x0000000080000000,0x00000000853c8150,0x0000000089c80000)
 Metaspace       used 6736K, capacity 7320K, committed 7680K, reserved 1056768K
  class space    used 610K, capacity 656K, committed 768K, reserved 1048576K
Event: 11.779 GC heap after
Heap after GC invocations=12 (full 1):
 PSYoungGen      total 448000K, used 56418K [0x00000000d5580000, 0x00000000fb180000, 0x0000000100000000)
  eden space 374272K, 0% used [0x00000000d5580000,0x00000000d5580000,0x00000000ec300000)
  from space 73728K, 76% used [0x00000000ec300000,0x00000000efa188a8,0x00000000f0b00000)
  to   space 80384K, 0% used [0x00000000f6300000,0x00000000f6300000,0x00000000fb180000)
 ParOldGen       total 160256K, used 120263K [0x0000000080000000, 0x0000000089c80000, 0x00000000d5580000)
  object space 160256K, 75% used [0x0000000080000000,0x0000000087571c78,0x0000000089c80000)
 Metaspace       used 6736K, capacity 7320K, committed 7680K, reserved 1056768K
  class space    used 610K, capacity 656K, committed 768K, reserved 1048576K
}
Event: 14.000 GC heap before
{Heap before GC invocations=13 (full 1):
 PSYoungGen      total 448000K, used 430690K [0x00000000d5580000, 0x00000000fb180000, 0x0000000100000000)
  eden space 374272K, 100% used [0x00000000d5580000,0x00000000ec300000,0x00000000ec300000)
  from space 73728K, 76% used [0x00000000ec300000,0x00000000efa188a8,0x00000000f0b00000)
  to   space 80384K, 0% used [0x00000000f6300000,0x00000000f6300000,0x00000000fb180000)
 ParOldGen       total 160256K, used 120263K [0x0000000080000000, 0x0000000089c80000, 0x00000000d5580000)
  object space 160256K, 75% used [0x0000000080000000,0x0000000087571c78,0x0000000089c80000)
 Metaspace       used 6751K, capacity 7320K, committed 7680K, reserved 1056768K
  class space    used 610K, capacity 656K, committed 768K, reserved 1048576K
Event: 14.225 GC heap after
Heap after GC invocations=13 (full 1):
 PSYoungGen      total 510976K, used 80356K [0x00000000d5580000, 0x00000000fe900000, 0x0000000100000000)
  eden space 430592K, 0% used [0x00000000d5580000,0x00000000d5580000,0x00000000efa00000)
  from space 80384K, 99% used [0x00000000f6300000,0x00000000fb1792a0,0x00000000fb180000)
  to   space 107520K, 0% used [0x00000000efa00000,0x00000000efa00000,0x00000000f6300000)
 ParOldGen       total 160256K, used 156619K [0x0000000080000000, 0x0000000089c80000, 0x00000000d5580000)
  object space 160256K, 97% used [0x0000000080000000,0x00000000898f2da0,0x0000000089c80000)
 Metaspace       used 6751K, capacity 7320K, committed 7680K, reserved 1056768K
  class space    used 610K, capacity 656K, committed 768K, reserved 1048576K
}
Event: 14.225 GC heap before
{Heap before GC invocations=14 (full 2):
 PSYoungGen      total 510976K, used 80356K [0x00000000d5580000, 0x00000000fe900000, 0x0000000100000000)
  eden space 430592K, 0% used [0x00000000d5580000,0x00000000d5580000,0x00000000efa00000)
  from space 80384K, 99% used [0x00000000f6300000,0x00000000fb1792a0,0x00000000fb180000)
  to   space 107520K, 0% used [0x00000000efa00000,0x00000000efa00000,0x00000000f6300000)
 ParOldGen       total 160256K, used 156619K [0x0000000080000000, 0x0000000089c80000, 0x00000000d5580000)
  object space 160256K, 97% used [0x0000000080000000,0x00000000898f2da0,0x0000000089c80000)
 Metaspace       used 6751K, capacity 7320K, committed 7680K, reserved 1056768K
  class space    used 610K, capacity 656K, committed 768K, reserved 1048576K
Event: 17.189 GC heap after
Heap after GC invocations=14 (full 2):
 PSYoungGen      total 510976K, used 73013K [0x00000000d5580000, 0x00000000fe900000, 0x0000000100000000)
  eden space 430592K, 0% used [0x00000000d5580000,0x00000000d5580000,0x00000000efa00000)
  from space 80384K, 90% used [0x00000000f6300000,0x00000000faa4d5b8,0x00000000fb180000)
  to   space 107520K, 0% used [0x00000000efa00000,0x00000000efa00000,0x00000000f6300000)
 ParOldGen       total 160256K, used 160196K [0x0000000080000000, 0x0000000089c80000, 0x00000000d5580000)
  object space 160256K, 99% used [0x0000000080000000,0x0000000089c71340,0x0000000089c80000)
 Metaspace       used 6751K, capacity 7320K, committed 7680K, reserved 1056768K
  class space    used 610K, capacity 656K, committed 768K, reserved 1048576K
}

Deoptimization events (10 events):
Event: 10.378 Thread 0x0000000018f57800 Uncommon trap: reason=unstable_if action=reinterpret pc=0x0000000002cbd114 method=com.android.dx.ssa.DeadCodeRemover.pruneDeadInstructions()V @ 49
Event: 10.532 Thread 0x0000000018faa800 Uncommon trap: reason=bimorphic action=maybe_recompile pc=0x00000000030709c0 method=com.android.dx.cf.code.BytecodeArray.parseInstruction(ILcom/android/dx/cf/code/BytecodeArray$Visitor;)I @ 1597
Event: 10.532 Thread 0x0000000018faa800 Uncommon trap: reason=bimorphic action=maybe_recompile pc=0x00000000030709c0 method=com.android.dx.cf.code.BytecodeArray.parseInstruction(ILcom/android/dx/cf/code/BytecodeArray$Visitor;)I @ 1597
Event: 10.842 Thread 0x000000000252e000 Uncommon trap: reason=unstable_if action=reinterpret pc=0x0000000002d4a2c4 method=java.util.HashMap.putVal(ILjava/lang/Object;Ljava/lang/Object;ZZ)Ljava/lang/Object; @ 109
Event: 11.552 Thread 0x0000000018f57800 Uncommon trap: reason=class_check action=maybe_recompile pc=0x000000000312ab78 method=com.android.dx.cf.code.BytecodeArray.parseInstruction(ILcom/android/dx/cf/code/BytecodeArray$Visitor;)I @ 1327
Event: 11.552 Thread 0x0000000018f57800 Uncommon trap: reason=class_check action=maybe_recompile pc=0x000000000312ab78 method=com.android.dx.cf.code.BytecodeArray.parseInstruction(ILcom/android/dx/cf/code/BytecodeArray$Visitor;)I @ 1327
Event: 11.964 Thread 0x0000000019548800 Uncommon trap: reason=unstable_if action=reinterpret pc=0x0000000003110c04 method=com.android.dx.cf.code.Merger.mergeType(Lcom/android/dx/rop/type/TypeBearer;Lcom/android/dx/rop/type/TypeBearer;)Lcom/android/dx/rop/type/TypeBearer; @ 77
Event: 12.584 Thread 0x0000000018f57800 Uncommon trap: reason=class_check action=maybe_recompile pc=0x0000000003195c88 method=com.android.dx.cf.code.BytecodeArray.parseInstruction(ILcom/android/dx/cf/code/BytecodeArray$Visitor;)I @ 1003
Event: 12.584 Thread 0x0000000018f57800 Uncommon trap: reason=class_check action=maybe_recompile pc=0x0000000003195c88 method=com.android.dx.cf.code.BytecodeArray.parseInstruction(ILcom/android/dx/cf/code/BytecodeArray$Visitor;)I @ 1003
Event: 17.707 Thread 0x0000000019548800 Uncommon trap: reason=unstable_if action=reinterpret pc=0x000000000318c0d8 method=java.lang.Integer.valueOf(I)Ljava/lang/Integer; @ 10

Classes redefined (0 events):
No events

Internal exceptions (8 events):
Event: 0.047 Thread 0x000000000252e000 Exception <a 'java/lang/NoSuchMethodError': Method sun.misc.Unsafe.defineClass(Ljava/lang/String;[BII)Ljava/lang/Class; name or signature does not match> (0x00000000d5587cc8) thrown at [C:\src\AOSP-openjdk-git\hotspot\src\share\vm\prims\jni.cpp, line 4013
Event: 0.047 Thread 0x000000000252e000 Exception <a 'java/lang/NoSuchMethodError': Method sun.misc.Unsafe.prefetchRead(Ljava/lang/Object;J)V name or signature does not match> (0x00000000d5587fb0) thrown at [C:\src\AOSP-openjdk-git\hotspot\src\share\vm\prims\jni.cpp, line 4013]
Event: 1.461 Thread 0x000000001945d800 Implicit null exception at 0x00000000029423a2 to 0x000000000294249a
Event: 2.092 Thread 0x0000000019548800 Exception <a 'java/lang/ArrayIndexOutOfBoundsException': 18> (0x00000000d88d5620) thrown at [C:\src\AOSP-openjdk-git\hotspot\src\share\vm\interpreter\interpreterRuntime.cpp, line 368]
Event: 2.093 Thread 0x0000000019548800 Exception <a 'java/lang/ArrayIndexOutOfBoundsException'> (0x00000000d88d71a0) thrown at [C:\src\AOSP-openjdk-git\hotspot\src\share\vm\runtime\sharedRuntime.cpp, line 605]
Event: 2.094 Thread 0x0000000019548800 Exception <a 'java/lang/ArrayIndexOutOfBoundsException'> (0x00000000d88d8488) thrown at [C:\src\AOSP-openjdk-git\hotspot\src\share\vm\runtime\sharedRuntime.cpp, line 605]
Event: 4.050 Thread 0x000000000252e000 Implicit null exception at 0x0000000002de2950 to 0x0000000002dec0c1
Event: 4.572 Thread 0x000000000252e000 Implicit null exception at 0x00000000027d28ad to 0x00000000027d2ebd

Events (10 events):
Event: 13.910 Thread 0x0000000019548800 DEOPT UNPACKING pc=0x00000000026775d0 sp=0x000000001acbe920 mode 0
Event: 13.999 Executing VM operation: ParallelGCFailedAllocation
Event: 17.189 Executing VM operation: ParallelGCFailedAllocation done
Event: 17.258 Thread 0x0000000018faa800 DEOPT PACKING pc=0x0000000002fbc671 sp=0x000000001aabe7c0
Event: 17.258 Thread 0x0000000018faa800 DEOPT UNPACKING pc=0x00000000026775d0 sp=0x000000001aabe550 mode 0
Event: 17.687 Thread 0x0000000019548800 DEOPT PACKING pc=0x0000000002fbc671 sp=0x000000001acbeb60
Event: 17.687 Thread 0x0000000019548800 DEOPT UNPACKING pc=0x00000000026775d0 sp=0x000000001acbe8f0 mode 0
Event: 17.707 Thread 0x0000000019548800 Uncommon trap: trap_request=0xffffff65 fr.pc=0x000000000318c0d8
Event: 17.707 Thread 0x0000000019548800 DEOPT PACKING pc=0x000000000318c0d8 sp=0x000000001acbe960
Event: 17.707 Thread 0x0000000019548800 DEOPT UNPACKING pc=0x000000000267557b sp=0x000000001acbe8e0 mode 2


Dynamic libraries:
0x00007ff682360000 - 0x00007ff682391000 	D:\AndroidStudio\jre\bin\java.exe
0x00007fffbf8b0000 - 0x00007fffbfaa5000 	C:\WINDOWS\SYSTEM32\ntdll.dll
0x00007fffbf7b0000 - 0x00007fffbf86d000 	C:\WINDOWS\System32\KERNEL32.DLL
0x00007fffbd200000 - 0x00007fffbd4c9000 	C:\WINDOWS\System32\KERNELBASE.dll
0x00007fffbf620000 - 0x00007fffbf6cc000 	C:\WINDOWS\System32\ADVAPI32.dll
0x00007fffbeea0000 - 0x00007fffbef3e000 	C:\WINDOWS\System32\msvcrt.dll
0x00007fffbe5c0000 - 0x00007fffbe65c000 	C:\WINDOWS\System32\sechost.dll
0x00007fffbe470000 - 0x00007fffbe59b000 	C:\WINDOWS\System32\RPCRT4.dll
0x00007fffbf2a0000 - 0x00007fffbf440000 	C:\WINDOWS\System32\USER32.dll
0x00007fffbcff0000 - 0x00007fffbd012000 	C:\WINDOWS\System32\win32u.dll
0x00007fffbf520000 - 0x00007fffbf54a000 	C:\WINDOWS\System32\GDI32.dll
0x00007fffbd070000 - 0x00007fffbd17b000 	C:\WINDOWS\System32\gdi32full.dll
0x00007fffbd710000 - 0x00007fffbd7ad000 	C:\WINDOWS\System32\msvcp_win.dll
0x00007fffbd610000 - 0x00007fffbd710000 	C:\WINDOWS\System32\ucrtbase.dll
0x00007fffaf240000 - 0x00007fffaf4da000 	C:\WINDOWS\WinSxS\amd64_microsoft.windows.common-controls_6595b64144ccf1df_6.0.19041.844_none_ca00b6081b84eb1d\COMCTL32.dll
0x00007fffbf4f0000 - 0x00007fffbf520000 	C:\WINDOWS\System32\IMM32.DLL
0x0000000065800000 - 0x00000000658d2000 	D:\AndroidStudio\jre\jre\bin\msvcr100.dll
0x00000000659c0000 - 0x000000006620b000 	D:\AndroidStudio\jre\jre\bin\server\jvm.dll
0x00007fffbf550000 - 0x00007fffbf558000 	C:\WINDOWS\System32\PSAPI.DLL
0x00007fffadf60000 - 0x00007fffadf69000 	C:\WINDOWS\SYSTEM32\WSOCK32.dll
0x00007fffadd60000 - 0x00007fffadd6a000 	C:\WINDOWS\SYSTEM32\VERSION.dll
0x00007fffb08c0000 - 0x00007fffb08e7000 	C:\WINDOWS\SYSTEM32\WINMM.dll
0x00007fffbe660000 - 0x00007fffbe6cb000 	C:\WINDOWS\System32\WS2_32.dll
0x00007fffb2800000 - 0x00007fffb280f000 	D:\AndroidStudio\jre\jre\bin\verify.dll
0x00007fffa27c0000 - 0x00007fffa27e9000 	D:\AndroidStudio\jre\jre\bin\java.dll
0x00007fffb1530000 - 0x00007fffb1546000 	D:\AndroidStudio\jre\jre\bin\zip.dll
0x00007fffbdbe0000 - 0x00007fffbe322000 	C:\WINDOWS\System32\SHELL32.dll
0x00007fffbae00000 - 0x00007fffbb590000 	C:\WINDOWS\SYSTEM32\windows.storage.dll
0x00007fffbe6d0000 - 0x00007fffbea25000 	C:\WINDOWS\System32\combase.dll
0x00007fffbca60000 - 0x00007fffbca8c000 	C:\WINDOWS\SYSTEM32\Wldp.dll
0x00007fffbf440000 - 0x00007fffbf4ee000 	C:\WINDOWS\System32\SHCORE.dll
0x00007fffbf560000 - 0x00007fffbf5b5000 	C:\WINDOWS\System32\shlwapi.dll
0x00007fffbcf30000 - 0x00007fffbcf4f000 	C:\WINDOWS\SYSTEM32\profapi.dll

VM Arguments:
jvm_args: -Djava.awt.headless=true -Xmx2g -Dfile.encoding=windows-1252 -Duser.country=ES -Duser.language=es -Duser.variant 
java_command: com.android.dx.command.Main --dex --num-threads=4 --multi-dex --main-dex-list D:\tfg-androidstudio\ant-25-03-pre-conseguirdnsbien\25-02\original_22-02\original\AntMonitor-master\app\build\intermediates\multi-dex\release\maindexlist.txt --output D:\tfg-androidstudio\ant-25-03-pre-conseguirdnsbien\25-02\original_22-02\original\AntMonitor-master\app\build\intermediates\transforms\dex\release\0 --min-sdk-version 14 D:\tfg-androidstudio\ant-25-03-pre-conseguirdnsbien\25-02\original_22-02\original\AntMonitor-master\app\build\intermediates\transforms\proguard\release\0.jar
java_class_path (initial): C:\Users\alex9\AppData\Local\Android\Sdk\build-tools\26.0.3\lib\dx.jar
Launcher Type: SUN_STANDARD

Environment Variables:
PATH=C:\Python39\Scripts\;C:\Python39\;C:\ProgramData\Oracle\Java\javapath;C:\Program Files (x86)\Intel\iCLS Client\;C:\Program Files\Intel\iCLS Client\;C:\WINDOWS\system32;C:\WINDOWS;C:\WINDOWS\System32\Wbem;C:\WINDOWS\System32\WindowsPowerShell\v1.0\;C:\Program Files (x86)\Intel\Intel(R) Management Engine Components\DAL;C:\Program Files\Intel\Intel(R) Management Engine Components\DAL;C:\Program Files (x86)\Intel\Intel(R) Management Engine Components\IPT;C:\Program Files\Intel\Intel(R) Management Engine Components\IPT;C:\WINDOWS\System32\OpenSSH\;C:\Program Files\MATLAB\R2018b\bin;D:\aplicacionmatlab\bin;C:\ProgramData\chocolatey\bin;C:\Program Files\AutoFirma\AutoFirma;C:\Users\alex9\AppData\Local\Microsoft\WindowsApps;D:\visualStudio\Microsoft VS Code\bin
USERNAME=alex9
OS=Windows_NT
PROCESSOR_IDENTIFIER=Intel64 Family 6 Model 142 Stepping 9, GenuineIntel



---------------  S Y S T E M  ---------------

OS: Windows 10.0 , 64 bit Build 19041 (10.0.19041.804)

CPU:total 4 (initial active 4) (2 cores per cpu, 2 threads per core) family 6 model 142 stepping 9, cmov, cx8, fxsr, mmx, sse, sse2, sse3, ssse3, sse4.1, sse4.2, popcnt, avx, avx2, aes, clmul, erms, 3dnowpref, lzcnt, ht, tsc, tscinvbit, bmi1, bmi2, adx

Memory: 4k page, physical 8235684k(460756k free), swap 12159956k(13056k free)

vm_info: OpenJDK 64-Bit Server VM (25.242-b01) for windows-amd64 JRE (1.8.0_242-release-1644-b01), built by "builder" with MS VC++ 10.0 (VS2010)

time: Wed Apr 14 18:30:38 2021
timezone: Hora de verano romance
elapsed time: 17 seconds (0d 0h 0m 17s)

